<?xml version="1.0" encoding="UTF-8"?>
<testsuite name="lawnlayer.GameLogicTest" tests="2" skipped="0" failures="0" errors="0" timestamp="2022-04-30T17:22:05" hostname="MacBook-Air-cua-Dai.local" time="0.06">
  <properties/>
  <testcase name="floodFillTest()" classname="lawnlayer.GameLogicTest" time="0.059"/>
  <testcase name="coordinateTest()" classname="lawnlayer.GameLogicTest" time="0.001"/>
  <system-out><![CDATA[]]></system-out>
  <system-err><![CDATA[]]></system-err>
</testsuite>
